[2026-06-16 00:04:08] [INFO] [main] ZPUI v1.0.0 starting (Wails GUI)...
[2026-06-16 00:04:08] [INFO] [main] Zapret dir: C:\Users\Suzuc\Documents\VS_code\Проэкты\DPIF2\mod\build\bin
[2026-06-16 00:04:08] [INFO] [main] Go go1.26.4 windows/amd64
[2026-06-16 00:04:08] [INFO] [main] Database initialized
[2026-06-16 00:04:08] [INFO] [main] Starting Wails application...
[2026-06-16 00:13:33] [INFO] [main] ZPUI v1.0.0 starting (Wails GUI)...
[2026-06-16 00:13:33] [INFO] [main] Zapret dir: C:\Users\Suzuc\Documents\VS_code\Проэкты\DPIF2\mod\build\bin
[2026-06-16 00:13:33] [INFO] [main] Go go1.26.4 windows/amd64
[2026-06-16 00:13:33] [INFO] [main] Database initialized
[2026-06-16 00:13:33] [INFO] [main] Starting Wails application...
[2026-06-16 00:14:32] [INFO] [main] ZPUI v1.0.0 starting (Wails GUI)...
[2026-06-16 00:14:32] [INFO] [main] Zapret dir: C:\Users\Suzuc\Documents\VS_code\Проэкты\DPIF2\mod\build\bin
[2026-06-16 00:14:32] [INFO] [main] Go go1.26.4 windows/amd64
[2026-06-16 00:14:32] [INFO] [main] Database initialized
[2026-06-16 00:14:32] [INFO] [main] Starting Wails application...
[2026-06-16 00:15:14] [INFO] [main] ZPUI v1.0.0 starting (Wails GUI)...
[2026-06-16 00:15:14] [INFO] [main] Zapret dir: C:\Users\Suzuc\Documents\VS_code\Проэкты\DPIF2\mod\build\bin
[2026-06-16 00:15:14] [INFO] [main] Go go1.26.4 windows/amd64
[2026-06-16 00:15:14] [INFO] [main] Database initialized
[2026-06-16 00:15:14] [INFO] [main] Starting Wails application...
[2026-06-16 00:35:54] [INFO] [main] ZPUI v1.0.0 starting (Wails GUI)...
[2026-06-16 00:35:54] [INFO] [main] Zapret dir: C:\Users\Suzuc\Documents\VS_code\Проэкты\DPIF2\mod\build\bin
[2026-06-16 00:35:54] [INFO] [main] Go go1.26.4 windows/amd64
[2026-06-16 00:35:54] [INFO] [main] Database initialized
[2026-06-16 00:35:54] [INFO] [main] Starting Wails application...
