[2026-06-12 00:24:25] [INFO] [main] ZPUI v1.0.0 starting...
[2026-06-12 00:24:25] [INFO] [main] Zapret dir: C:\Users\Suzuc\Documents\VS_code\Проэкты\DPIF2
[2026-06-12 00:24:25] [INFO] [main] Go go1.26.4 windows/386
[2026-06-12 00:24:25] [INFO] [main] Starting system tray...
[2026-06-12 00:53:49] [INFO] [main] ZPUI v1.0.0 starting...
[2026-06-12 00:53:49] [INFO] [main] Zapret dir: C:\Users\Suzuc\Documents\VS_code\Проэкты\DPIF2
[2026-06-12 00:53:49] [INFO] [main] Go go1.26.4 windows/386
[2026-06-12 00:53:49] [INFO] [main] Starting system tray...
[2026-06-12 01:03:47] [INFO] [main] ZPUI v1.0.0 starting...
[2026-06-12 01:03:47] [INFO] [main] Zapret dir: C:\Users\Suzuc\Documents\VS_code\Проэкты\DPIF2
[2026-06-12 01:03:47] [INFO] [main] Go go1.26.4 windows/386
[2026-06-12 01:03:47] [INFO] [main] Starting system tray...
[2026-06-12 01:25:59] [INFO] [main] ZPUI v1.0.0 starting...
[2026-06-12 01:25:59] [INFO] [main] Zapret dir: C:\Users\Suzuc\Documents\VS_code\Проэкты\DPIF2
[2026-06-12 01:25:59] [INFO] [main] Go go1.26.4 windows/386
[2026-06-12 01:25:59] [INFO] [main] Starting system tray...
[2026-06-12 01:29:20] [INFO] [main] ZPUI v1.0.0 starting...
[2026-06-12 01:29:20] [INFO] [main] Zapret dir: C:\Users\Suzuc\Documents\VS_code\Проэкты\DPIF2
[2026-06-12 01:29:20] [INFO] [main] Go go1.26.4 windows/386
[2026-06-12 01:29:20] [INFO] [main] Starting system tray...
[2026-06-12 01:33:21] [INFO] [main] ZPUI v1.0.0 starting...
[2026-06-12 01:33:21] [INFO] [main] Zapret dir: C:\Users\Suzuc\Documents\VS_code\Проэкты\DPIF2
[2026-06-12 01:33:21] [INFO] [main] Go go1.26.4 windows/386
[2026-06-12 01:33:21] [INFO] [main] Starting system tray...
[2026-06-12 01:34:01] [INFO] [main] Shutdown signal received
[2026-06-12 01:34:01] [INFO] [main] Shutting down...
[2026-06-12 01:34:01] [INFO] [main] Shutdown complete
[2026-06-12 01:46:49] [INFO] [main] ZPUI v1.0.0 starting...
[2026-06-12 01:46:49] [INFO] [main] Zapret dir: C:\Users\Suzuc\Documents\VS_code\Проэкты\DPIF2
[2026-06-12 01:46:49] [INFO] [main] Go go1.26.4 windows/386
[2026-06-12 01:46:49] [INFO] [main] Starting system tray...
[2026-06-12 01:50:05] [INFO] [main] ZPUI v1.0.0 starting...
[2026-06-12 01:50:05] [INFO] [main] Zapret dir: C:\Users\Suzuc\Documents\VS_code\Проэкты\DPIF2
[2026-06-12 01:50:05] [INFO] [main] Go go1.26.4 windows/386
[2026-06-12 01:50:05] [INFO] [main] Starting system tray...
[2026-06-12 01:51:34] [INFO] [main] ZPUI v1.0.0 starting...
[2026-06-12 01:51:34] [INFO] [main] Zapret dir: C:\Users\Suzuc\Documents\VS_code\Проэкты\DPIF2
[2026-06-12 01:51:34] [INFO] [main] Go go1.26.4 windows/386
[2026-06-12 01:51:34] [INFO] [main] Starting system tray...
[2026-06-12 02:09:59] [INFO] [main] ZPUI v1.0.0 starting...
[2026-06-12 02:09:59] [INFO] [main] Zapret dir: C:\Users\Suzuc\Documents\VS_code\Проэкты\DPIF2
[2026-06-12 02:09:59] [INFO] [main] Go go1.26.4 windows/386
[2026-06-12 02:09:59] [INFO] [main] Starting system tray...
[2026-06-12 02:26:46] [INFO] [main] ZPUI v1.0.0 starting...
[2026-06-12 02:26:46] [INFO] [main] Zapret dir: C:\Users\Suzuc\Documents\VS_code\Проэкты\DPIF2
[2026-06-12 02:26:46] [INFO] [main] Go go1.26.4 windows/386
[2026-06-12 02:26:46] [INFO] [main] Starting system tray...
[2026-06-12 02:46:49] [INFO] [main] ZPUI v1.0.0 starting...
[2026-06-12 02:46:49] [INFO] [main] Zapret dir: C:\Users\Suzuc\Documents\VS_code\Проэкты\DPIF2
[2026-06-12 02:46:49] [INFO] [main] Go go1.26.4 windows/386
[2026-06-12 02:46:49] [INFO] [main] Starting system tray...
[2026-06-12 02:57:43] [INFO] [main] ZPUI v1.0.0 starting...
[2026-06-12 02:57:43] [INFO] [main] Zapret dir: C:\Users\Suzuc\Documents\VS_code\Проэкты\DPIF2
[2026-06-12 02:57:43] [INFO] [main] Go go1.26.4 windows/386
[2026-06-12 02:57:43] [INFO] [main] Starting system tray...
[2026-06-12 03:07:33] [INFO] [main] ZPUI v1.0.0 starting...
[2026-06-12 03:07:33] [INFO] [main] Zapret dir: C:\Users\Suzuc\Documents\VS_code\Проэкты\DPIF2
[2026-06-12 03:07:33] [INFO] [main] Go go1.26.4 windows/386
[2026-06-12 03:07:33] [INFO] [main] Starting system tray...
[2026-06-12 03:20:43] [INFO] [main] ZPUI v1.0.0 starting...
[2026-06-12 03:20:43] [INFO] [main] Zapret dir: C:\Users\Suzuc\Documents\VS_code\Проэкты\DPIF2
[2026-06-12 03:20:43] [INFO] [main] Go go1.26.4 windows/386
[2026-06-12 03:20:43] [INFO] [main] Starting system tray...
[2026-06-12 03:24:02] [INFO] [main] ZPUI v1.0.0 starting...
[2026-06-12 03:24:02] [INFO] [main] Zapret dir: C:\Users\Suzuc\Documents\VS_code\Проэкты\DPIF2
[2026-06-12 03:24:02] [INFO] [main] Go go1.26.4 windows/386
[2026-06-12 03:24:02] [INFO] [main] Starting system tray...
[2026-06-12 03:32:01] [INFO] [main] ZPUI v1.0.0 starting...
[2026-06-12 03:32:02] [INFO] [main] Zapret dir: C:\Users\Suzuc\Documents\VS_code\Проэкты\DPIF2
[2026-06-12 03:32:02] [INFO] [main] Go go1.26.4 windows/386
[2026-06-12 03:32:02] [INFO] [main] Starting system tray...
[2026-06-12 11:57:51] [INFO] [main] ZPUI v1.0.0 starting...
[2026-06-12 11:57:51] [INFO] [main] Zapret dir: C:\Users\Suzuc\Documents\VS_code\Проэкты\DPIF2
[2026-06-12 11:57:51] [INFO] [main] Go go1.26.4 windows/386
[2026-06-12 11:57:51] [INFO] [main] Starting system tray...
[2026-06-12 12:04:41] [INFO] [main] Shutdown signal received
[2026-06-12 12:04:41] [INFO] [main] Shutting down...
[2026-06-12 12:04:41] [INFO] [main] Shutdown complete
[2026-06-12 12:04:52] [INFO] [main] ZPUI v1.0.0 starting...
[2026-06-12 12:04:53] [INFO] [main] Zapret dir: C:\Users\Suzuc\Documents\VS_code\Проэкты\DPIF2
[2026-06-12 12:04:53] [INFO] [main] Go go1.26.4 windows/386
[2026-06-12 12:04:53] [INFO] [main] Starting system tray...
[2026-06-12 12:10:10] [INFO] [main] ZPUI v1.0.0 starting...
[2026-06-12 12:10:10] [INFO] [main] Zapret dir: C:\Users\Suzuc\Documents\VS_code\Проэкты\DPIF2
[2026-06-12 12:10:10] [INFO] [main] Go go1.26.4 windows/386
[2026-06-12 12:10:10] [INFO] [main] Starting system tray...
[2026-06-12 12:17:50] [INFO] [main] Shutdown signal received
[2026-06-12 12:17:50] [INFO] [main] Shutting down...
[2026-06-12 12:17:50] [INFO] [main] Shutdown complete
[2026-06-12 12:18:04] [INFO] [main] ZPUI v1.0.0 starting...
[2026-06-12 12:18:04] [INFO] [main] Zapret dir: C:\Users\Suzuc\Documents\VS_code\Проэкты\DPIF2
[2026-06-12 12:18:04] [INFO] [main] Go go1.26.4 windows/386
[2026-06-12 12:18:04] [INFO] [main] Starting system tray...
[2026-06-12 12:24:58] [INFO] [main] ZPUI v1.0.0 starting...
[2026-06-12 12:24:58] [INFO] [main] Zapret dir: C:\Users\Suzuc\Documents\VS_code\Проэкты\DPIF2
[2026-06-12 12:24:58] [INFO] [main] Go go1.26.4 windows/386
[2026-06-12 12:24:58] [INFO] [main] Starting system tray...
[2026-06-12 12:26:27] [INFO] [main] ZPUI v1.0.0 starting...
[2026-06-12 12:26:27] [INFO] [main] Zapret dir: C:\Users\Suzuc\Documents\VS_code\Проэкты\DPIF2
[2026-06-12 12:26:27] [INFO] [main] Go go1.26.4 windows/386
[2026-06-12 12:26:27] [INFO] [main] Starting system tray...
[2026-06-12 12:30:06] [INFO] [main] ZPUI v1.0.0 starting...
[2026-06-12 12:30:06] [INFO] [main] Zapret dir: C:\Users\Suzuc\Documents\VS_code\Проэкты\DPIF2
[2026-06-12 12:30:06] [INFO] [main] Go go1.26.4 windows/386
[2026-06-12 12:30:06] [INFO] [main] Starting system tray...
[2026-06-12 12:57:49] [INFO] [main] ZPUI v1.0.0 starting...
[2026-06-12 12:57:49] [INFO] [main] Zapret dir: C:\Users\Suzuc\Documents\VS_code\Проэкты\DPIF2
[2026-06-12 12:57:49] [INFO] [main] Go go1.26.4 windows/386
[2026-06-12 12:57:49] [INFO] [main] Starting system tray...
[2026-06-12 13:05:25] [INFO] [main] ZPUI v1.0.0 starting...
[2026-06-12 13:05:25] [INFO] [main] Zapret dir: C:\Users\Suzuc\Documents\VS_code\Проэкты\DPIF2
[2026-06-12 13:05:25] [INFO] [main] Go go1.26.4 windows/386
[2026-06-12 13:05:25] [INFO] [main] Starting system tray...
[2026-06-12 13:09:15] [INFO] [main] ZPUI v1.0.0 starting...
[2026-06-12 13:09:15] [INFO] [main] Zapret dir: C:\Users\Suzuc\Documents\VS_code\Проэкты\DPIF2
[2026-06-12 13:09:15] [INFO] [main] Go go1.26.4 windows/386
[2026-06-12 13:09:15] [INFO] [main] Starting system tray...
[2026-06-12 13:41:50] [INFO] [main] ZPUI v1.0.0 starting...
[2026-06-12 13:41:50] [INFO] [main] Zapret dir: C:\Users\Suzuc\Documents\VS_code\Проэкты\DPIF2
[2026-06-12 13:41:50] [INFO] [main] Go go1.26.4 windows/386
[2026-06-12 13:41:50] [INFO] [main] Starting system tray...
[2026-06-12 13:44:12] [INFO] [main] ZPUI v1.0.0 starting...
[2026-06-12 13:44:12] [INFO] [main] Zapret dir: C:\Users\Suzuc\Documents\VS_code\Проэкты\DPIF2
[2026-06-12 13:44:12] [INFO] [main] Go go1.26.4 windows/386
[2026-06-12 13:44:12] [INFO] [main] Starting system tray...
[2026-06-12 13:51:53] [INFO] [main] ZPUI v1.0.0 starting...
[2026-06-12 13:51:53] [INFO] [main] Zapret dir: C:\Users\Suzuc\Documents\VS_code\Проэкты\DPIF2
[2026-06-12 13:51:53] [INFO] [main] Go go1.26.4 windows/386
[2026-06-12 13:51:53] [INFO] [main] Starting system tray...
