[2026-06-13 00:20:16] [INFO] [main] ZPUI v1.0.0 starting...
[2026-06-13 00:20:16] [INFO] [main] Zapret dir: C:\Users\Suzuc\Documents\VS_code\Проэкты\DPIF2
[2026-06-13 00:20:16] [INFO] [main] Go go1.26.4 windows/386
[2026-06-13 00:20:16] [INFO] [main] Starting system tray...
[2026-06-13 01:20:02] [INFO] [main] ZPUI v1.0.0 starting...
[2026-06-13 01:20:02] [INFO] [main] Zapret dir: C:\Users\Suzuc\Documents\VS_code\Проэкты\DPIF2
[2026-06-13 01:20:02] [INFO] [main] Go go1.26.4 windows/386
[2026-06-13 01:20:02] [INFO] [main] Starting system tray...
[2026-06-13 02:41:22] [INFO] [main] ZPUI v1.0.0 starting...
[2026-06-13 02:41:22] [INFO] [main] Zapret dir: C:\Users\Suzuc\Documents\VS_code\Проэкты\DPIF2
[2026-06-13 02:41:22] [INFO] [main] Go go1.26.4 windows/386
[2026-06-13 02:41:22] [INFO] [main] Starting system tray...
[2026-06-13 02:42:05] [INFO] [main] ZPUI v1.0.0 starting...
[2026-06-13 02:42:05] [INFO] [main] Zapret dir: C:\Users\Suzuc\Documents\VS_code\Проэкты\DPIF2
[2026-06-13 02:42:05] [INFO] [main] Go go1.26.4 windows/386
[2026-06-13 02:42:05] [INFO] [main] Starting system tray...
[2026-06-13 02:47:21] [INFO] [main] ZPUI v1.0.0 starting...
[2026-06-13 02:47:21] [INFO] [main] Zapret dir: C:\Users\Suzuc\Documents\VS_code\Проэкты\DPIF2
[2026-06-13 02:47:21] [INFO] [main] Go go1.26.4 windows/386
[2026-06-13 02:47:21] [INFO] [main] Starting system tray...
[2026-06-13 02:49:24] [INFO] [main] ZPUI v1.0.0 starting...
[2026-06-13 02:49:24] [INFO] [main] Zapret dir: C:\Users\Suzuc\Documents\VS_code\Проэкты\DPIF2
[2026-06-13 02:49:24] [INFO] [main] Go go1.26.4 windows/386
[2026-06-13 02:49:24] [INFO] [main] Starting system tray...
[2026-06-13 02:57:23] [INFO] [main] ZPUI v1.0.0 starting...
[2026-06-13 02:57:23] [INFO] [main] Zapret dir: C:\Users\Suzuc\Documents\VS_code\Проэкты\DPIF2
[2026-06-13 02:57:23] [INFO] [main] Go go1.26.4 windows/386
[2026-06-13 02:57:23] [INFO] [main] Starting system tray...
[2026-06-13 03:05:09] [INFO] [main] ZPUI v1.0.0 starting...
[2026-06-13 03:05:09] [INFO] [main] Zapret dir: C:\Users\Suzuc\Documents\VS_code\Проэкты\DPIF2
[2026-06-13 03:05:09] [INFO] [main] Go go1.26.4 windows/386
[2026-06-13 03:05:09] [INFO] [main] Starting system tray...
[2026-06-13 03:15:40] [INFO] [main] ZPUI v1.0.0 starting...
[2026-06-13 03:15:40] [INFO] [main] Zapret dir: C:\Users\Suzuc\Documents\VS_code\Проэкты\DPIF2
[2026-06-13 03:15:40] [INFO] [main] Go go1.26.4 windows/386
[2026-06-13 03:15:40] [INFO] [main] Starting system tray...
[2026-06-13 03:20:57] [INFO] [main] ZPUI v1.0.0 starting...
[2026-06-13 03:20:57] [INFO] [main] Zapret dir: C:\Users\Suzuc\Documents\VS_code\Проэкты\DPIF2
[2026-06-13 03:20:57] [INFO] [main] Go go1.26.4 windows/386
[2026-06-13 03:20:57] [INFO] [main] Starting system tray...
[2026-06-13 09:12:42] [INFO] [main] ZPUI v1.0.0 starting...
[2026-06-13 09:12:42] [INFO] [main] Zapret dir: C:\Users\Suzuc\Documents\VS_code\Проэкты\DPIF2
[2026-06-13 09:12:42] [INFO] [main] Go go1.26.4 windows/386
[2026-06-13 09:12:42] [INFO] [main] Starting system tray...
[2026-06-13 14:49:19] [INFO] [main] ZPUI v1.0.0 starting...
[2026-06-13 14:49:20] [INFO] [main] Zapret dir: C:\Users\Suzuc\Documents\VS_code\Проэкты\DPIF2
[2026-06-13 14:49:20] [INFO] [main] Go go1.26.4 windows/386
[2026-06-13 14:49:20] [INFO] [main] Database initialized
[2026-06-13 14:49:20] [INFO] [main] Device tracker started
[2026-06-13 14:49:20] [INFO] [main] Starting system tray...
[2026-06-13 15:34:07] [INFO] [main] ZPUI v1.0.0 starting...
[2026-06-13 15:34:07] [INFO] [main] Zapret dir: C:\Users\Suzuc\Documents\VS_code\Проэкты\DPIF2
[2026-06-13 15:34:07] [INFO] [main] Go go1.26.4 windows/386
[2026-06-13 15:34:07] [INFO] [main] Database initialized
[2026-06-13 15:34:07] [INFO] [main] Device tracker started
[2026-06-13 15:34:07] [INFO] [main] Starting system tray...
[2026-06-13 15:46:18] [INFO] [main] ZPUI v1.0.0 starting...
[2026-06-13 15:46:18] [INFO] [main] Zapret dir: C:\Users\Suzuc\Documents\VS_code\Проэкты\DPIF2
[2026-06-13 15:46:18] [INFO] [main] Go go1.26.4 windows/386
[2026-06-13 15:46:18] [INFO] [main] Database initialized
[2026-06-13 15:46:18] [INFO] [main] Device tracker started
[2026-06-13 15:46:18] [INFO] [main] Starting system tray...
[2026-06-13 15:57:40] [INFO] [main] ZPUI v1.0.0 starting...
[2026-06-13 15:57:40] [INFO] [main] Zapret dir: C:\Users\Suzuc\Documents\VS_code\Проэкты\DPIF2
[2026-06-13 15:57:40] [INFO] [main] Go go1.26.4 windows/386
[2026-06-13 15:57:40] [INFO] [main] Database initialized
[2026-06-13 15:57:40] [INFO] [main] Device tracker started
[2026-06-13 15:57:40] [INFO] [main] Starting system tray...
[2026-06-13 16:01:19] [INFO] [main] ZPUI v1.0.0 starting...
[2026-06-13 16:01:19] [INFO] [main] Zapret dir: C:\Users\Suzuc\Documents\VS_code\Проэкты\DPIF2
[2026-06-13 16:01:19] [INFO] [main] Go go1.26.4 windows/386
[2026-06-13 16:01:19] [INFO] [main] Database initialized
[2026-06-13 16:01:19] [INFO] [main] Device tracker started
[2026-06-13 16:01:19] [INFO] [main] Starting system tray...
[2026-06-13 22:01:41] [INFO] [main] ZPUI v1.0.0 starting...
[2026-06-13 22:01:41] [INFO] [main] Zapret dir: C:\Users\Suzuc\Documents\VS_code\Проэкты\DPIF2
[2026-06-13 22:01:41] [INFO] [main] Go go1.26.4 windows/386
[2026-06-13 22:01:41] [INFO] [main] Database initialized
[2026-06-13 22:01:41] [INFO] [main] Device tracker started
[2026-06-13 22:01:41] [INFO] [main] Starting system tray...
