[2026-06-12 00:24:25] [INFO] [zapret] Zapret service is installed and running
[2026-06-12 00:53:49] [INFO] [zapret] Zapret service is installed and running
[2026-06-12 01:03:13] [INFO] [strategy] Starting auto-test for 20 strategies
[2026-06-12 01:03:13] [INFO] [strategy] Testing strategy: general (ALT).bat
[2026-06-12 01:03:47] [INFO] [zapret] Zapret service is installed and running
[2026-06-12 01:25:59] [INFO] [zapret] Zapret service is installed and running
[2026-06-12 01:29:20] [INFO] [zapret] Zapret service is installed and running
[2026-06-12 01:33:21] [INFO] [zapret] Zapret service is installed and running
[2026-06-12 01:46:49] [INFO] [zapret] Zapret service is installed and running
[2026-06-12 01:50:05] [INFO] [zapret] Zapret service is installed and running
[2026-06-12 01:51:34] [INFO] [zapret] Zapret service is installed and running
[2026-06-12 02:09:59] [INFO] [zapret] Zapret service is installed and running
[2026-06-12 02:26:46] [INFO] [zapret] Zapret service is installed and running
[2026-06-12 02:46:49] [INFO] [zapret] Zapret service is installed and running
[2026-06-12 02:57:43] [INFO] [zapret] Zapret service is installed and running
[2026-06-12 03:07:33] [INFO] [zapret] Zapret service is installed and running
[2026-06-12 03:20:43] [INFO] [zapret] Zapret service is installed and running
[2026-06-12 03:24:02] [INFO] [zapret] Zapret service is installed and running
[2026-06-12 03:32:02] [INFO] [zapret] Zapret service is installed and running
[2026-06-12 11:57:51] [INFO] [zapret] Zapret service is installed and running
[2026-06-12 12:02:32] [INFO] [strategy] Auto-test: 20 strategies, 20 resources
[2026-06-12 12:04:53] [INFO] [zapret] Zapret service is installed and running
[2026-06-12 12:10:10] [INFO] [zapret] Zapret service is installed and running
[2026-06-12 12:15:37] [INFO] [service] Removing zapret service...
[2026-06-12 12:15:40] [INFO] [service] Service removed
[2026-06-12 12:15:45] [INFO] [service] Installing service with strategy: general (ALT10)
[2026-06-12 12:15:45] [INFO] [service] Removing zapret service...
[2026-06-12 12:15:45] [INFO] [service] Service removed
[2026-06-12 12:26:38] [INFO] [service] Installing service with strategy: general (ALT10)
[2026-06-12 12:26:38] [INFO] [service] Removing zapret service...
[2026-06-12 12:26:39] [INFO] [service] Service removed
[2026-06-12 12:28:51] [INFO] [service] Installing service with strategy: general (ALT11).bat
[2026-06-12 12:28:51] [INFO] [service] Removing zapret service...
[2026-06-12 12:28:51] [INFO] [service] Service removed
[2026-06-12 12:30:44] [INFO] [service] Installing service with strategy: general (ALT11).bat
[2026-06-12 12:30:44] [INFO] [service] Removing zapret service...
[2026-06-12 12:30:45] [INFO] [service] Service removed
[2026-06-12 12:57:59] [INFO] [service] Installing service with strategy: general (ALT11).bat
[2026-06-12 12:57:59] [INFO] [service] Removing zapret service...
[2026-06-12 12:57:59] [INFO] [service] Service removed
[2026-06-12 13:05:37] [INFO] [service] Installing service with strategy: general (ALT11).bat
[2026-06-12 13:05:37] [INFO] [service] Removing zapret service...
[2026-06-12 13:05:38] [INFO] [service] Service removed
[2026-06-12 13:09:20] [INFO] [service] Installing service with strategy: general (ALT11).bat
[2026-06-12 13:09:20] [INFO] [service] Removing zapret service...
[2026-06-12 13:09:20] [INFO] [service] Service removed
[2026-06-12 13:09:20] [INFO] [service] Service installed and started successfully
[2026-06-12 13:41:54] [INFO] [service] Installing service with strategy: general (ALT11).bat
[2026-06-12 13:41:54] [INFO] [service] Removing zapret service...
[2026-06-12 13:41:54] [INFO] [service] Service removed
[2026-06-12 13:41:54] [INFO] [service] Parsed args length: 6428
[2026-06-12 13:41:54] [INFO] [service] sc.exe create zapret binPath= "C:\Users\Suzuc\Documents\VS_code\–ü—Ä–æ—ç–∫—Ç—ã\DPIF2\bin\winws.exe"  --wf-tcp=80,443,2053,2083,2087,2096,8443,12 --wf-udp=443,19294-19344,50000-50100,12 --filter-udp=443 --hostlist="C:\Users\Suzuc\Documents\VS_code\–ü—Ä–æ—ç–∫—Ç—ã\DPIF2\listslist-general.txt" --hostlist="C:\Users\Suzuc\Documents\VS_code\–ü—Ä–æ—ç–∫—Ç—ã\DPIF2\listslist-general-user.txt" --hostlist-exclude="C:\Users\Suzuc\Documents\VS_code\–ü—Ä–æ—ç–∫—Ç—ã\DPIF2\listslist-exclude.txt" --hostlist-exclude="C:\Users\Suzuc\Documents\VS_code\–ü—Ä–æ—ç–∫—Ç—ã\DPIF2\listslist-exclude-user.txt" --ipset-exclude="C:\Users\Suzuc\Documents\VS_code\–ü—Ä–æ—ç–∫—Ç—ã\DPIF2\listsipset-exclude.txt" --ipset-exclude="C:\Users\Suzuc\Documents\VS_code\–ü—Ä–æ—ç–∫—Ç—ã\DPIF2\listsipset-exclude-user.txt" --dpi-desync=fake --dpi-desync-repeats=11 --dpi-desync-fake-quic="C:\Users\Suzuc\Documents\VS_code\–ü—Ä–æ—ç–∫—Ç—ã\DPIF2\binquic_initial_www_google_com.bin" --new --filter-udp=19294-19344,50000-50100 --filter-l7=discord,stun --dpi-desync=fake --dpi-desync-fake-discord="C:\Users\Suzuc\Documents\VS_code\–ü—Ä–æ—ç–∫—Ç—ã\DPIF2\binquic_initial_dbankcloud_ru.bin" --dpi-desync-fake-stun="C:\Users\Suzuc\Documents\VS_code\–ü—Ä–æ—ç–∫—Ç—ã\DPIF2\binquic_initial_dbankcloud_ru.bin" --dpi-desync-repeats=6 --new --filter-tcp=2053,2083,2087,2096,8443 --hostlist-domains=discord.media --dpi-desync=fake,multisplit --dpi-desync-split-seqovl=681 --dpi-desync-split-pos=1 --dpi-desync-fooling=ts --dpi-desync-repeats=8 --dpi-desync-split-seqovl-pattern="C:\Users\Suzuc\Documents\VS_code\–ü—Ä–æ—ç–∫—Ç—ã\DPIF2\bintls_clienthello_www_google_com.bin" --dpi-desync-fake-tls="C:\Users\Suzuc\Documents\VS_code\–ü—Ä–æ—ç–∫—Ç—ã\DPIF2\bintls_clienthello_www_google_com.bin" --new --filter-tcp=443 --hostlist="C:\Users\Suzuc\Documents\VS_code\–ü—Ä–æ—ç–∫—Ç—ã\DPIF2\listslist-google.txt" --ip-id=zero --dpi-desync=fake,multisplit --dpi-desync-split-seqovl=681 --dpi-desync-split-pos=1 --dpi-desync-fooling=ts --dpi-desync-repeats=8 --dpi-desync-split-seqovl-pattern="C:\Users\Suzuc\Documents\VS_code\–ü—Ä–æ—ç–∫—Ç—ã\DPIF2\bintls_clienthello_www_google_com.bin" --dpi-desync-fake-tls="C:\Users\Suzuc\Documents\VS_code\–ü—Ä–æ—ç–∫—Ç—ã\DPIF2\bintls_clienthello_www_google_com.bin" --new --filter-tcp=80,443 --hostlist="C:\Users\Suzuc\Documents\VS_code\–ü—Ä–æ—ç–∫—Ç—ã\DPIF2\listslist-general.txt" --hostlist="C:\Users\Suzuc\Documents\VS_code\–ü—Ä–æ—ç–∫—Ç—ã\DPIF2\listslist-general-user.txt" --hostlist-exclude="C:\Users\Suzuc\Documents\VS_code\–ü—Ä–æ—ç–∫—Ç—ã\DPIF2\listslist-exclude.txt" --hostlist-exclude="C:\Users\Suzuc\Documents\VS_code\–ü—Ä–æ—ç–∫—Ç—ã\DPIF2\listslist-exclude-user.txt" --ipset-exclude="C:\Users\Suzuc\Documents\VS_code\–ü—Ä–æ—ç–∫—Ç—ã\DPIF2\listsipset-exclude.txt" --ipset-exclude="C:\Users\Suzuc\Documents\VS_code\–ü—Ä–æ—ç–∫—Ç—ã\DPIF2\listsipset-exclude-user.txt" --dpi-desync=fake,multisplit --dpi-desync-split-seqovl=664 --dpi-desync-split-pos=1 --dpi-desync-fooling=ts --dpi-desync-repeats=8 --dpi-desync-split-seqovl-pattern="C:\Users\Suzuc\Documents\VS_code\–ü—Ä–æ—ç–∫—Ç—ã\DPIF2\bintls_clienthello_max_ru.bin" --dpi-desync-fake-tls="C:\Users\Suzuc\Documents\VS_code\–ü—Ä–æ—ç–∫—Ç—ã\DPIF2\binstun.bin" --dpi-desync-fake-tls="C:\Users\Suzuc\Documents\VS_code\–ü—Ä–æ—ç–∫—Ç—ã\DPIF2\bintls_clienthello_max_ru.bin" --dpi-desync-fake-http="C:\Users\Suzuc\Documents\VS_code\–ü—Ä–æ—ç–∫—Ç—ã\DPIF2\bintls_clienthello_max_ru.bin" --new --filter-udp=443 --ipset="C:\Users\Suzuc\Documents\VS_code\–ü—Ä–æ—ç–∫—Ç—ã\DPIF2\listsipset-all.txt" --hostlist-exclude="C:\Users\Suzuc\Documents\VS_code\–ü—Ä–æ—ç–∫—Ç—ã\DPIF2\listslist-exclude.txt" --hostlist-exclude="C:\Users\Suzuc\Documents\VS_code\–ü—Ä–æ—ç–∫—Ç—ã\DPIF2\listslist-exclude-user.txt" --ipset-exclude="C:\Users\Suzuc\Documents\VS_code\–ü—Ä–æ—ç–∫—Ç—ã\DPIF2\listsipset-exclude.txt" --ipset-exclude="C:\Users\Suzuc\Documents\VS_code\–ü—Ä–æ—ç–∫—Ç—ã\DPIF2\listsipset-exclude-user.txt" --dpi-desync=fake --dpi-desync-repeats=11 --dpi-desync-fake-quic="C:\Users\Suzuc\Documents\VS_code\–ü—Ä–æ—ç–∫—Ç—ã\DPIF2\binquic_initial_www_google_com.bin" --new --filter-tcp=80,443,8443 --ipset="C:\Users\Suzuc\Documents\VS_code\–ü—Ä–æ—ç–∫—Ç—ã\DPIF2\listsipset-all.txt" --hostlist-exclude="C:\Users\Suzuc\Documents\VS_code\–ü—Ä–æ—ç–∫—Ç—ã\DPIF2\listslist-exclude.txt" --hostlist-exclude="C:\Users\Suzuc\Documents\VS_code\–ü—Ä–æ—ç–∫—Ç—ã\DPIF2\listslist-exclude-user.txt" --ipset-exclude="C:\Users\Suzuc\Documents\VS_code\–ü—Ä–æ—ç–∫—Ç—ã\DPIF2\listsipset-exclude.txt" --ipset-exclude="C:\Users\Suzuc\Documents\VS_code\–ü—Ä–æ—ç–∫—Ç—ã\DPIF2\listsipset-exclude-user.txt" --dpi-desync=fake,multisplit --dpi-desync-split-seqovl=664 --dpi-desync-split-pos=1 --dpi-desync-fooling=ts --dpi-desync-repeats=8 --dpi-desync-split-seqovl-pattern="C:\Users\Suzuc\Documents\VS_code\–ü—Ä–æ—ç–∫—Ç—ã\DPIF2\bintls_clienthello_max_ru.bin" --dpi-desync-fake-tls="C:\Users\Suzuc\Documents\VS_code\–ü—Ä–æ—ç–∫—Ç—ã\DPIF2\binstun.bin" --dpi-desync-fake-tls="C:\Users\Suzuc\Documents\VS_code\–ü—Ä–æ—ç–∫—Ç—ã\DPIF2\bintls_clienthello_max_ru.bin" --dpi-desync-fake-http="C:\Users\Suzuc\Documents\VS_code\–ü—Ä–æ—ç–∫—Ç—ã\DPIF2\bintls_clienthello_max_ru.bin" --new --filter-tcp=12 --ipset="C:\Users\Suzuc\Documents\VS_code\–ü—Ä–æ—ç–∫—Ç—ã\DPIF2\listsipset-all.txt" --ipset-exclude="C:\Users\Suzuc\Documents\VS_code\–ü—Ä–æ—ç–∫—Ç—ã\DPIF2\listsipset-exclude.txt" --ipset-exclude="C:\Users\Suzuc\Documents\VS_code\–ü—Ä–æ—ç–∫—Ç—ã\DPIF2\listsipset-exclude-user.txt" --dpi-desync=fake,multisplit --dpi-desync-any-protocol=1 --dpi-desync-cutoff=n4 --dpi-desync-split-seqovl=664 --dpi-desync-split-pos=1 --dpi-desync-fooling=ts --dpi-desync-repeats=8 --dpi-desync-split-seqovl-pattern="C:\Users\Suzuc\Documents\VS_code\–ü—Ä–æ—ç–∫—Ç—ã\DPIF2\bintls_clienthello_max_ru.bin" --dpi-desync-fake-tls="C:\Users\Suzuc\Documents\VS_code\–ü—Ä–æ—ç–∫—Ç—ã\DPIF2\binstun.bin" --dpi-desync-fake-tls="C:\Users\Suzuc\Documents\VS_code\–ü—Ä–æ—ç–∫—Ç—ã\DPIF2\bintls_clienthello_max_ru.bin" --dpi-desync-fake-http="C:\Users\Suzuc\Documents\VS_code\–ü—Ä–æ—ç–∫—Ç—ã\DPIF2\bintls_clienthello_max_ru.bin" --new --filter-udp=12 --ipset="C:\Users\Suzuc\Documents\VS_code\–ü—Ä–æ—ç–∫—Ç—ã\DPIF2\listsipset-all.txt" --ipset-exclude="C:\Users\Suzuc\Documents\VS_code\–ü—Ä–æ—ç–∫—Ç—ã\DPIF2\listsipset-exclude.txt" --ipset-exclude="C:\Users\Suzuc\Documents\VS_code\–ü—Ä–æ—ç–∫—Ç—ã\DPIF2\listsipset-exclude-user.txt" --dpi-desync=fake --dpi-desync-repeats=10 --dpi-desync-any-protocol=1 --dpi-desync-fake-unknown-udp="C:\Users\Suzuc\Documents\VS_code\–ü—Ä–æ—ç–∫—Ç—ã\DPIF2\binquic_initial_dbankcloud_ru.bin" --dpi-desync-cutoff=n4 DisplayName= zapret start= auto
[2026-06-12 13:41:54] [INFO] [service] sc create output: [SC] CreateService: „·Ø•Â

[2026-06-12 13:41:55] [INFO] [service] sc start output: 
à¨Ô_·´„¶°Î: zapret 
        í®Ø                : 10  WIN32_OWN_PROCESS  
        ëÆ·‚ÆÔ≠®•          : 4  RUNNING 
                                (STOPPABLE, NOT_PAUSABLE, ACCEPTS_SHUTDOWN)
        äÆ§_¢ÎÂÆ§Ý_Win32   : 0  (0x0)
        äÆ§_¢ÎÂÆ§Ý_·´„¶°Î  : 0  (0x0)
        äÆ≠‚ýÆ´Ï≠ÝÔ_‚ÆÁ™Ý  : 0x0
        é¶®§Ý≠®•           : 0x0
        ID_ØýÆÊ•··Ý        : 20564
        î´Ý£®              : 

[2026-06-12 13:41:55] [INFO] [service] Service installed successfully
[2026-06-12 13:52:18] [INFO] [service] Installing service with strategy: general (ALT11).bat
[2026-06-12 13:52:18] [INFO] [service] Removing zapret service...
[2026-06-12 13:52:20] [WARN] [service] elevated remove warning: service remove failed or cancelled (result: "REMOVED \r\n")
[2026-06-12 13:52:20] [INFO] [service] Service removed
[2026-06-12 13:52:20] [INFO] [service] Parsed args length: 6428
[2026-06-12 13:52:20] [INFO] [service] Requesting admin elevation...
